0 info it worked if it ends with ok
1 verbose cli [ '/usr/bin/node',
1 verbose cli   '/usr/bin/npm',
1 verbose cli   'install',
1 verbose cli   '-g',
1 verbose cli   'diff-so-fancy' ]
2 info using npm@3.10.3
3 info using node@v6.7.0
4 silly loadCurrentTree Starting
5 silly install loadCurrentTree
6 silly install readGlobalPackageData
7 silly fetchPackageMetaData diff-so-fancy
8 silly fetchNamedPackageData diff-so-fancy
9 silly mapToRegistry name diff-so-fancy
10 silly mapToRegistry using default registry
11 silly mapToRegistry registry https://registry.npmjs.org/
12 silly mapToRegistry data Result {
12 silly mapToRegistry   raw: 'diff-so-fancy',
12 silly mapToRegistry   scope: null,
12 silly mapToRegistry   escapedName: 'diff-so-fancy',
12 silly mapToRegistry   name: 'diff-so-fancy',
12 silly mapToRegistry   rawSpec: '',
12 silly mapToRegistry   spec: 'latest',
12 silly mapToRegistry   type: 'tag' }
13 silly mapToRegistry uri https://registry.npmjs.org/diff-so-fancy
14 verbose request uri https://registry.npmjs.org/diff-so-fancy
15 verbose request no auth needed
16 info attempt registry request try #1 at 5:59:27 PM
17 verbose request id 96a41bae09d0e48c
18 verbose etag "CLILW36K6ECEWX781DZH3EE4Q"
19 http request GET https://registry.npmjs.org/diff-so-fancy
20 http 304 https://registry.npmjs.org/diff-so-fancy
21 verbose headers { date: 'Mon, 10 Oct 2016 20:59:27 GMT',
21 verbose headers   via: '1.1 varnish',
21 verbose headers   'cache-control': 'max-age=300',
21 verbose headers   etag: '"CLILW36K6ECEWX781DZH3EE4Q"',
21 verbose headers   age: '13',
21 verbose headers   connection: 'keep-alive',
21 verbose headers   'x-served-by': 'cache-gru7126-GRU',
21 verbose headers   'x-cache': 'HIT',
21 verbose headers   'x-cache-hits': '1',
21 verbose headers   'x-timer': 'S1476133167.878898,VS0,VE0',
21 verbose headers   vary: 'Accept-Encoding' }
22 silly get cb [ 304,
22 silly get   { date: 'Mon, 10 Oct 2016 20:59:27 GMT',
22 silly get     via: '1.1 varnish',
22 silly get     'cache-control': 'max-age=300',
22 silly get     etag: '"CLILW36K6ECEWX781DZH3EE4Q"',
22 silly get     age: '13',
22 silly get     connection: 'keep-alive',
22 silly get     'x-served-by': 'cache-gru7126-GRU',
22 silly get     'x-cache': 'HIT',
22 silly get     'x-cache-hits': '1',
22 silly get     'x-timer': 'S1476133167.878898,VS0,VE0',
22 silly get     vary: 'Accept-Encoding' } ]
23 verbose etag https://registry.npmjs.org/diff-so-fancy from cache
24 verbose get saving diff-so-fancy to /home/dimas/.npm/registry.npmjs.org/diff-so-fancy/.cache.json
25 verbose correctMkdir /home/dimas/.npm correctMkdir not in flight; initializing
26 silly install normalizeTree
27 silly loadCurrentTree Finishing
28 silly loadIdealTree Starting
29 silly install loadIdealTree
30 silly cloneCurrentTree Starting
31 silly install cloneCurrentTreeToIdealTree
32 silly cloneCurrentTree Finishing
33 silly loadShrinkwrap Starting
34 silly install loadShrinkwrap
35 silly loadShrinkwrap Finishing
36 silly loadAllDepsIntoIdealTree Starting
37 silly install loadAllDepsIntoIdealTree
38 silly resolveWithNewModule diff-so-fancy@0.11.2 checking installable status
39 silly cache add args [ 'diff-so-fancy', null ]
40 verbose cache add spec diff-so-fancy
41 silly cache add parsed spec Result {
41 silly cache add   raw: 'diff-so-fancy',
41 silly cache add   scope: null,
41 silly cache add   escapedName: 'diff-so-fancy',
41 silly cache add   name: 'diff-so-fancy',
41 silly cache add   rawSpec: '',
41 silly cache add   spec: 'latest',
41 silly cache add   type: 'tag' }
42 silly addNamed diff-so-fancy@latest
43 verbose addNamed "latest" is being treated as a dist-tag for diff-so-fancy
44 info addNameTag [ 'diff-so-fancy', 'latest' ]
45 silly mapToRegistry name diff-so-fancy
46 silly mapToRegistry using default registry
47 silly mapToRegistry registry https://registry.npmjs.org/
48 silly mapToRegistry data Result {
48 silly mapToRegistry   raw: 'diff-so-fancy',
48 silly mapToRegistry   scope: null,
48 silly mapToRegistry   escapedName: 'diff-so-fancy',
48 silly mapToRegistry   name: 'diff-so-fancy',
48 silly mapToRegistry   rawSpec: '',
48 silly mapToRegistry   spec: 'latest',
48 silly mapToRegistry   type: 'tag' }
49 silly mapToRegistry uri https://registry.npmjs.org/diff-so-fancy
50 verbose addNameTag registry:https://registry.npmjs.org/diff-so-fancy not in flight; fetching
51 verbose get https://registry.npmjs.org/diff-so-fancy not expired, no request
52 silly addNameTag next cb for diff-so-fancy with tag latest
53 silly addNamed diff-so-fancy@0.11.2
54 verbose addNamed "0.11.2" is a plain semver version for diff-so-fancy
55 silly cache afterAdd diff-so-fancy@0.11.2
56 verbose afterAdd /home/dimas/.npm/diff-so-fancy/0.11.2/package/package.json not in flight; writing
57 verbose correctMkdir /home/dimas/.npm correctMkdir not in flight; initializing
58 verbose afterAdd /home/dimas/.npm/diff-so-fancy/0.11.2/package/package.json written
59 silly loadAllDepsIntoIdealTree Finishing
60 silly loadIdealTree Finishing
61 silly currentTree lib
61 silly currentTree └── diff-so-fancy@0.11.2
62 silly idealTree lib
62 silly idealTree └── diff-so-fancy@0.11.2
63 silly generateActionsToTake Starting
64 silly install generateActionsToTake
65 warn checkPermissions Missing write access to /usr/lib/node_modules/diff-so-fancy
66 warn checkPermissions Missing write access to /usr/lib/node_modules
67 silly rollbackFailedOptional Starting
68 silly rollbackFailedOptional Finishing
69 silly runTopLevelLifecycles Starting
70 silly runTopLevelLifecycles Finishing
71 silly install printInstalled
72 verbose stack Error: EACCES: permission denied, access '/usr/lib/node_modules/diff-so-fancy'
72 verbose stack     at Error (native)
73 verbose cwd /home/dimas/dev/src/github.com/dimascyriaco/dotfiles
74 error Linux 4.7.5
75 error argv "/usr/bin/node" "/usr/bin/npm" "install" "-g" "diff-so-fancy"
76 error node v6.7.0
77 error npm  v3.10.3
78 error path /usr/lib/node_modules/diff-so-fancy
79 error code EACCES
80 error errno -13
81 error syscall access
82 error Error: EACCES: permission denied, access '/usr/lib/node_modules/diff-so-fancy'
82 error     at Error (native)
82 error  { Error: EACCES: permission denied, access '/usr/lib/node_modules/diff-so-fancy'
82 error     at Error (native)
82 error   errno: -13,
82 error   code: 'EACCES',
82 error   syscall: 'access',
82 error   path: '/usr/lib/node_modules/diff-so-fancy' }
83 error Please try running this command again as root/Administrator.
84 verbose exit [ -13, true ]
